Arguments: 
  /Users/sophie/.nvm/versions/node/v10.16.3/bin/node /Users/sophie/.yarn/bin/yarn.js start

PATH: 
  /Users/sophie/Downloads/google-cloud-sdk/bin:/Library/Frameworks/Python.framework/Versions/3.7/bin:/Users/sophie/crayon:/Users/sophie/.yarn/bin:/Users/sophie/.config/yarn/global/node_modules/.bin:/Users/sophie/Downloads/apache-maven-3.5.4/bin:/Users/sophie/.nvm/versions/node/v10.16.3/bin:/usr/local/bin:/usr/bin:/bin:/usr/sbin:/sbin:/Library/TeX/texbin:/opt/X11/bin:/Library/Frameworks/Mono.framework/Versions/Current/Commands

Yarn version: 
  1.5.1

Node version: 
  10.16.3

Platform: 
  darwin x64

npm manifest: 
  {
    "name": "spell-bot",
    "version": "1.0.0",
    "description": "DnD 5e Spell Bot",
    "main": "built/bot.js",
    "author": "soph-iest",
    "scripts": {
      "start": "tsc && cp src/**.json built/ && node ."
    },
    "dependencies": {
      "@types/node": "^10.12.15",
      "discord.io": "https://github.com/woor/discord.io/tarball/gateway_v6",
      "winston": "^3.1.0"
    }
  }

yarn manifest: 
  No manifest

Lockfile: 
  No lockfile

Trace: 
  Error: Command failed.
  Exit code: 1
  Command: sh
  Arguments: -c tsc && cp src/**.json built/ && node .
  Directory: /Users/sophie/coding/spellbot
  Output:
  
      at ProcessTermError.MessageError (/Users/sophie/.yarn/lib/cli.js:186:110)
      at new ProcessTermError (/Users/sophie/.yarn/lib/cli.js:226:113)
      at ChildProcess.<anonymous> (/Users/sophie/.yarn/lib/cli.js:30281:17)
      at ChildProcess.emit (events.js:198:13)
      at maybeClose (internal/child_process.js:982:16)
      at Process.ChildProcess._handle.onexit (internal/child_process.js:259:5)
